<?xml version="1.0" encoding="UTF-8"?>
<!-- Generated by org.testng.reporters.JUnitReportReporter -->
<testsuite skipped="0" hostname="LAPTOP-NJQGIOLU" name="com.qa.tests.GetAPITest" tests="1" failures="0" timestamp="04 Mar 2019 03:16:04 GMT" time="0.832" errors="0">
  <testcase name="getApiTest" time="0.832" classname="com.qa.tests.GetAPITest"/>
</testsuite> <!-- com.qa.tests.GetAPITest -->
